1    [main] INFO  eclipse.emf.mwe.core.WorkflowEngine  - --------------------------------------------------------------------------------------
98   [main] INFO  eclipse.emf.mwe.core.WorkflowEngine  - EMF Modeling Workflow Engine 1.2.1, Build v201306110341
99   [main] INFO  eclipse.emf.mwe.core.WorkflowEngine  - (c) 2005-2009 openarchitectureware.org and contributors
99   [main] INFO  eclipse.emf.mwe.core.WorkflowEngine  - --------------------------------------------------------------------------------------
99   [main] INFO  eclipse.emf.mwe.core.WorkflowEngine  - running workflow: C:/OOH4RIA/workspace/ProyectoVikings/templates/workflow/generator.mwe
100  [main] INFO  eclipse.emf.mwe.core.WorkflowEngine  - 
3934 [main] INFO  lipse.emf.mwe.utils.StandaloneSetup  - Registering platform uri 'C:\OOH4RIA\workspace'
4398 [main] INFO  lipse.emf.mwe.utils.StandaloneSetup  - Adding generated EPackage 'es.ua.dlsi.ooh.conceptualView.ConceptualViewPackage'
4924 [main] INFO  lipse.emf.mwe.utils.StandaloneSetup  - Adding generated EPackage 'org.eclipse.gmf.runtime.notation.NotationPackage'
6224 [main] INFO  e.core.container.CompositeComponent  - Workflow: executing workflow workflow::nhibernate::generator.mwe in C:/OOH4RIA/workspace/ProyectoVikings/templates/workflow/generator.mwe:10
6225 [main] INFO  e.core.container.CompositeComponent  - XmiReader: file 'models/default.domainModel' => slot 'es_ua_dlsi_ooh_conceptual_model'
8015 [main] INFO  e.core.container.CompositeComponent  - CheckComponent: slot es_ua_dlsi_ooh_conceptual_model check file(s): metamodel::Checks 
12036 [main] INFO  e.core.container.CompositeComponent  - Generator(nhibernate.generator): generating 'workflow::nhibernate::workflow::main FOR true' => [../ProyectoVikingsGen, CONFIGURATION:../ProyectoVikingsGen(overwrite=false,append=false,fileEncoding=utf-8)]
configuroConf:C:\Users\OIDEWin7\AppData\Local\Temp\OOH4RIA3410623736311544769.cfg
enc:utf-8
14574 [main] INFO  and2.pr.ProtectedRegionResolverImpl  - Source scan started ...
15387 [main] INFO  and2.pr.ProtectedRegionResolverImpl  - Source scan finished in 0.812s
15389 [main] INFO  and2.pr.ProtectedRegionResolverImpl  - Files scanned: 114
15468 [main] INFO  and2.pr.ProtectedRegionResolverImpl  - Regions found: 25
enc:utf-8
enc:utf-8
enc:utf-8
enc:utf-8
enc:utf-8
enc:utf-8
17888 [main] INFO  ipse.xtend.util.stdlib.IOExtensions  - JugadorCAD
enc:utf-8
18661 [main] INFO  ipse.xtend.util.stdlib.IOExtensions  - AdminCAD
enc:utf-8
19092 [main] INFO  ipse.xtend.util.stdlib.IOExtensions  - InventarioCAD
LA clase origen: Inventario y el nombre de rol: jugador
DISTINTO en: asoOrigin: objeto_inventario. El nombre del rol origen: objeto de el rol destino: jugador
LA clase destino: Inventario y el nombre de rol: jugador
Encontrado en: asoTarget: inventario_jugador El nombre de rol origen (generado): inventario y el nombre del rol destino:jugador
LA clase origen: Inventario y el nombre de rol: jugador
DISTINTO en: asoOrigin: objeto_inventario. El nombre del rol origen: objeto de el rol destino: jugador
LA clase destino: Inventario y el nombre de rol: jugador
Encontrado en: asoTarget: inventario_jugador El nombre de rol origen (generado): inventario y el nombre del rol destino:jugador
LA clase origen: Inventario y el nombre de rol: jugador
DISTINTO en: asoOrigin: objeto_inventario. El nombre del rol origen: objeto de el rol destino: jugador
LA clase destino: Inventario y el nombre de rol: jugador
Encontrado en: asoTarget: inventario_jugador El nombre de rol origen (generado): inventario y el nombre del rol destino:jugador
enc:utf-8
19584 [main] INFO  ipse.xtend.util.stdlib.IOExtensions  - MonstruoCAD
enc:utf-8
19996 [main] INFO  ipse.xtend.util.stdlib.IOExtensions  - Batalla_PVECAD
LA clase origen: Batalla_PVE y el nombre de rol: monstruo
DISTINTO en: asoOrigin: jugador_batalla_PVE. El nombre del rol origen: jugador de el rol destino: monstruo
LA clase destino: Batalla_PVE y el nombre de rol: monstruo
Encontrado en: asoTarget: batalla_PVE_monstruo El nombre de rol origen (generado): batalla_PVE y el nombre del rol destino:monstruo
LA clase origen: Batalla_PVE y el nombre de rol: monstruo
DISTINTO en: asoOrigin: jugador_batalla_PVE. El nombre del rol origen: jugador de el rol destino: monstruo
LA clase destino: Batalla_PVE y el nombre de rol: monstruo
Encontrado en: asoTarget: batalla_PVE_monstruo El nombre de rol origen (generado): batalla_PVE y el nombre del rol destino:monstruo
LA clase origen: Batalla_PVE y el nombre de rol: monstruo
DISTINTO en: asoOrigin: jugador_batalla_PVE. El nombre del rol origen: jugador de el rol destino: monstruo
LA clase destino: Batalla_PVE y el nombre de rol: monstruo
Encontrado en: asoTarget: batalla_PVE_monstruo El nombre de rol origen (generado): batalla_PVE y el nombre del rol destino:monstruo
LA clase origen: Batalla_PVE y el nombre de rol: jugador
Encontrado en: asoOrigin: jugador_batalla_PVE. El nombre del rol origen: jugador y el nombre de rol destino: batalla_PVE
LA clase origen: Batalla_PVE y el nombre de rol: jugador
Encontrado en: asoOrigin: jugador_batalla_PVE. El nombre del rol origen: jugador y el nombre de rol destino: batalla_PVE
LA clase origen: Batalla_PVE y el nombre de rol: jugador
Encontrado en: asoOrigin: jugador_batalla_PVE. El nombre del rol origen: jugador y el nombre de rol destino: batalla_PVE
LA clase origen: Batalla_PVE y el nombre de rol: jugador
Encontrado en: asoOrigin: jugador_batalla_PVE. El nombre del rol origen: jugador y el nombre de rol destino: batalla_PVE
LA clase origen: Batalla_PVE y el nombre de rol: jugador
Encontrado en: asoOrigin: jugador_batalla_PVE. El nombre del rol origen: jugador y el nombre de rol destino: batalla_PVE
LA clase origen: Batalla_PVE y el nombre de rol: jugador
Encontrado en: asoOrigin: jugador_batalla_PVE. El nombre del rol origen: jugador y el nombre de rol destino: batalla_PVE
enc:utf-8
20354 [main] INFO  ipse.xtend.util.stdlib.IOExtensions  - ObjetoCAD
enc:utf-8
20700 [main] INFO  ipse.xtend.util.stdlib.IOExtensions  - ArmaduraCAD
enc:utf-8
20994 [main] INFO  ipse.xtend.util.stdlib.IOExtensions  - ArmaCAD
enc:utf-8
21514 [main] INFO  ipse.xtend.util.stdlib.IOExtensions  - CascoCAD
enc:utf-8
22094 [main] INFO  ipse.xtend.util.stdlib.IOExtensions  - CalzadoCAD
enc:utf-8
22800 [main] INFO  ipse.xtend.util.stdlib.IOExtensions  - Batalla_PVPCAD
LA clase origen: Batalla_PVP y el nombre de rol: jugador
Encontrado en: asoOrigin: jugador_batalla_PVP. El nombre del rol origen: jugador y el nombre de rol destino: batalla_PVP
LA clase origen: Batalla_PVP y el nombre de rol: jugador
Encontrado en: asoOrigin: jugador_batalla_PVP. El nombre del rol origen: jugador y el nombre de rol destino: batalla_PVP
LA clase origen: Batalla_PVP y el nombre de rol: jugador
Encontrado en: asoOrigin: jugador_batalla_PVP. El nombre del rol origen: jugador y el nombre de rol destino: batalla_PVP
LA clase origen: Batalla_PVP y el nombre de rol: jugador
Encontrado en: asoOrigin: jugador_batalla_PVP. El nombre del rol origen: jugador y el nombre de rol destino: batalla_PVP
LA clase origen: Batalla_PVP y el nombre de rol: jugador
Encontrado en: asoOrigin: jugador_batalla_PVP. El nombre del rol origen: jugador y el nombre de rol destino: batalla_PVP
LA clase origen: Batalla_PVP y el nombre de rol: jugador
Encontrado en: asoOrigin: jugador_batalla_PVP. El nombre del rol origen: jugador y el nombre de rol destino: batalla_PVP
LA clase origen: Batalla_PVP y el nombre de rol: jugador_0
DISTINTO en: asoOrigin: jugador_batalla_PVP. El nombre del rol origen: jugador de el rol destino: jugador_0
Encontrado en: asoOrigin: jugador_0_batalla_PVP_0. El nombre del rol origen: jugador_0 y el nombre de rol destino: batalla_PVP_0
LA clase origen: Batalla_PVP y el nombre de rol: jugador_0
DISTINTO en: asoOrigin: jugador_batalla_PVP. El nombre del rol origen: jugador de el rol destino: jugador_0
Encontrado en: asoOrigin: jugador_0_batalla_PVP_0. El nombre del rol origen: jugador_0 y el nombre de rol destino: batalla_PVP_0
LA clase origen: Batalla_PVP y el nombre de rol: jugador_0
DISTINTO en: asoOrigin: jugador_batalla_PVP. El nombre del rol origen: jugador de el rol destino: jugador_0
Encontrado en: asoOrigin: jugador_0_batalla_PVP_0. El nombre del rol origen: jugador_0 y el nombre de rol destino: batalla_PVP_0
LA clase origen: Batalla_PVP y el nombre de rol: jugador_0
DISTINTO en: asoOrigin: jugador_batalla_PVP. El nombre del rol origen: jugador de el rol destino: jugador_0
Encontrado en: asoOrigin: jugador_0_batalla_PVP_0. El nombre del rol origen: jugador_0 y el nombre de rol destino: batalla_PVP_0
LA clase origen: Batalla_PVP y el nombre de rol: jugador_0
DISTINTO en: asoOrigin: jugador_batalla_PVP. El nombre del rol origen: jugador de el rol destino: jugador_0
Encontrado en: asoOrigin: jugador_0_batalla_PVP_0. El nombre del rol origen: jugador_0 y el nombre de rol destino: batalla_PVP_0
LA clase origen: Batalla_PVP y el nombre de rol: jugador_0
DISTINTO en: asoOrigin: jugador_batalla_PVP. El nombre del rol origen: jugador de el rol destino: jugador_0
Encontrado en: asoOrigin: jugador_0_batalla_PVP_0. El nombre del rol origen: jugador_0 y el nombre de rol destino: batalla_PVP_0
enc:utf-8
23407 [main] INFO  ipse.xtend.util.stdlib.IOExtensions  - InventarioEquipadoCAD
LA clase origen: InventarioEquipado y el nombre de rol: jugador
DISTINTO en: asoOrigin: objeto_inventario. El nombre del rol origen: objeto de el rol destino: jugador
DISTINTO en: asoOrigin: jugador_0_inventarioEquipado. El nombre del rol origen: jugador_0 de el rol destino: jugador
DISTINTO en: asoOrigin: objeto_0_inventarioEquipado. El nombre del rol origen: objeto_0 de el rol destino: jugador
LA clase destino: InventarioEquipado y el nombre de rol: jugador
Encontrado en: asoTarget: inventario_jugador El nombre de rol origen (generado): inventario y el nombre del rol destino:jugador
LA clase origen: InventarioEquipado y el nombre de rol: jugador
DISTINTO en: asoOrigin: objeto_inventario. El nombre del rol origen: objeto de el rol destino: jugador
DISTINTO en: asoOrigin: jugador_0_inventarioEquipado. El nombre del rol origen: jugador_0 de el rol destino: jugador
DISTINTO en: asoOrigin: objeto_0_inventarioEquipado. El nombre del rol origen: objeto_0 de el rol destino: jugador
LA clase destino: InventarioEquipado y el nombre de rol: jugador
Encontrado en: asoTarget: inventario_jugador El nombre de rol origen (generado): inventario y el nombre del rol destino:jugador
LA clase origen: InventarioEquipado y el nombre de rol: jugador
DISTINTO en: asoOrigin: objeto_inventario. El nombre del rol origen: objeto de el rol destino: jugador
DISTINTO en: asoOrigin: jugador_0_inventarioEquipado. El nombre del rol origen: jugador_0 de el rol destino: jugador
DISTINTO en: asoOrigin: objeto_0_inventarioEquipado. El nombre del rol origen: objeto_0 de el rol destino: jugador
LA clase destino: InventarioEquipado y el nombre de rol: jugador
Encontrado en: asoTarget: inventario_jugador El nombre de rol origen (generado): inventario y el nombre del rol destino:jugador
LA clase origen: InventarioEquipado y el nombre de rol: jugador_0
DISTINTO en: asoOrigin: objeto_inventario. El nombre del rol origen: objeto de el rol destino: jugador_0
Encontrado en: asoOrigin: jugador_0_inventarioEquipado. El nombre del rol origen: jugador_0 y el nombre de rol destino: inventarioEquipado
LA clase origen: InventarioEquipado y el nombre de rol: jugador_0
DISTINTO en: asoOrigin: objeto_inventario. El nombre del rol origen: objeto de el rol destino: jugador_0
Encontrado en: asoOrigin: jugador_0_inventarioEquipado. El nombre del rol origen: jugador_0 y el nombre de rol destino: inventarioEquipado
LA clase origen: InventarioEquipado y el nombre de rol: jugador_0
DISTINTO en: asoOrigin: objeto_inventario. El nombre del rol origen: objeto de el rol destino: jugador_0
Encontrado en: asoOrigin: jugador_0_inventarioEquipado. El nombre del rol origen: jugador_0 y el nombre de rol destino: inventarioEquipado
LA clase origen: InventarioEquipado y el nombre de rol: jugador_0
DISTINTO en: asoOrigin: objeto_inventario. El nombre del rol origen: objeto de el rol destino: jugador_0
Encontrado en: asoOrigin: jugador_0_inventarioEquipado. El nombre del rol origen: jugador_0 y el nombre de rol destino: inventarioEquipado
LA clase origen: InventarioEquipado y el nombre de rol: jugador_0
DISTINTO en: asoOrigin: objeto_inventario. El nombre del rol origen: objeto de el rol destino: jugador_0
Encontrado en: asoOrigin: jugador_0_inventarioEquipado. El nombre del rol origen: jugador_0 y el nombre de rol destino: inventarioEquipado
LA clase origen: InventarioEquipado y el nombre de rol: jugador_0
DISTINTO en: asoOrigin: objeto_inventario. El nombre del rol origen: objeto de el rol destino: jugador_0
Encontrado en: asoOrigin: jugador_0_inventarioEquipado. El nombre del rol origen: jugador_0 y el nombre de rol destino: inventarioEquipado
enc:utf-8
enc:utf-8
enc:utf-8
enc:utf-8
enc:utf-8
enc:utf-8
enc:utf-8
enc:utf-8
enc:utf-8
enc:utf-8
enc:utf-8
enc:utf-8
enc:utf-8
enc:utf-8
27847 [main] INFO  ipse.xtend.util.stdlib.IOExtensions  - JugadorCEN
enc:utf-8
28248 [main] INFO  ipse.xtend.util.stdlib.IOExtensions  - AdminCEN
enc:utf-8
28675 [main] INFO  ipse.xtend.util.stdlib.IOExtensions  - InventarioCEN
enc:utf-8
29092 [main] INFO  ipse.xtend.util.stdlib.IOExtensions  - MonstruoCEN
enc:utf-8
29609 [main] INFO  ipse.xtend.util.stdlib.IOExtensions  - Batalla_PVECEN
enc:utf-8
30167 [main] INFO  ipse.xtend.util.stdlib.IOExtensions  - ObjetoCEN
enc:utf-8
30590 [main] INFO  ipse.xtend.util.stdlib.IOExtensions  - ArmaduraCEN
enc:utf-8
30946 [main] INFO  ipse.xtend.util.stdlib.IOExtensions  - ArmaCEN
enc:utf-8
31143 [main] INFO  ipse.xtend.util.stdlib.IOExtensions  - CascoCEN
enc:utf-8
31486 [main] INFO  ipse.xtend.util.stdlib.IOExtensions  - CalzadoCEN
enc:utf-8
31725 [main] INFO  ipse.xtend.util.stdlib.IOExtensions  - Batalla_PVPCEN
enc:utf-8
31965 [main] INFO  ipse.xtend.util.stdlib.IOExtensions  - InventarioEquipadoCEN
enc:utf-8
enc:utf-8
enc:utf-8
enc:utf-8
enc:utf-8
enc:utf-8
enc:utf-8
enc:utf-8
enc:utf-8
enc:utf-8
35617 [main] INFO  ipse.xtend.util.stdlib.IOExtensions  - es.ua.dlsi.ooh.conceptualView.impl.OperationImpl@1e64738 (name: new, visibility: Public, operationType: New, description: null, type: Object, collectionType: None, isStatic: false, isOrdered: false, filter: null, precondition: null, body: null, postcondition: null, automaticSynchronize: true, customized: false, paging: false, customizedTransaction: false)
35620 [main] INFO  ipse.xtend.util.stdlib.IOExtensions  - es.ua.dlsi.ooh.conceptualView.impl.OperationImpl@4b8173 (name: modify, visibility: Public, operationType: Modifier, description: null, type: Void, collectionType: None, isStatic: false, isOrdered: false, filter: null, precondition: null, body: null, postcondition: null, automaticSynchronize: true, customized: false, paging: false, customizedTransaction: false)
35620 [main] INFO  ipse.xtend.util.stdlib.IOExtensions  - es.ua.dlsi.ooh.conceptualView.impl.OperationImpl@13d0772 (name: destroy, visibility: Public, operationType: Destroy, description: null, type: Void, collectionType: None, isStatic: false, isOrdered: false, filter: null, precondition: null, body: null, postcondition: null, automaticSynchronize: true, customized: false, paging: false, customizedTransaction: false)
35621 [main] INFO  ipse.xtend.util.stdlib.IOExtensions  - es.ua.dlsi.ooh.conceptualView.impl.OperationImpl@1a20f67 (name: comprar, visibility: Public, operationType: Custom, description: null, type: Void, collectionType: None, isStatic: false, isOrdered: false, filter: null, precondition: null, body: null, postcondition: null, automaticSynchronize: true, customized: false, paging: false, customizedTransaction: false)
35621 [main] INFO  ipse.xtend.util.stdlib.IOExtensions  - es.ua.dlsi.ooh.conceptualView.impl.OperationImpl@9cd3b1 (name: calcularDanyo, visibility: Public, operationType: Custom, description: null, type: Void, collectionType: None, isStatic: false, isOrdered: false, filter: null, precondition: null, body: null, postcondition: null, automaticSynchronize: true, customized: false, paging: false, customizedTransaction: false)
35622 [main] INFO  ipse.xtend.util.stdlib.IOExtensions  - es.ua.dlsi.ooh.conceptualView.impl.OperationImpl@cd705f (name: readOID, visibility: Public, operationType: ReadOID, description: null, type: Object, collectionType: None, isStatic: false, isOrdered: false, filter: null, precondition: null, body: null, postcondition: null, automaticSynchronize: true, customized: false, paging: false, customizedTransaction: false)
35622 [main] INFO  ipse.xtend.util.stdlib.IOExtensions  - es.ua.dlsi.ooh.conceptualView.impl.OperationImpl@14f0d9c (name: readAll, visibility: Public, operationType: ReadAll, description: null, type: Object, collectionType: List, isStatic: false, isOrdered: false, filter: null, precondition: null, body: null, postcondition: null, automaticSynchronize: true, customized: false, paging: false, customizedTransaction: false)
35626 [main] INFO  ipse.xtend.util.stdlib.IOExtensions  - es.ua.dlsi.ooh.conceptualView.impl.OperationImpl@180cfdd (name: CalcularDefensa, visibility: Public, operationType: Custom, description: null, type: Integer, collectionType: None, isStatic: false, isOrdered: false, filter: null, precondition: null, body: null, postcondition: null, automaticSynchronize: true, customized: false, paging: false, customizedTransaction: false)
enc:utf-8
35985 [main] INFO  ipse.xtend.util.stdlib.IOExtensions  - es.ua.dlsi.ooh.conceptualView.impl.OperationImpl@1c43bd9 (name: new, visibility: Public, operationType: New, description: null, type: Object, collectionType: None, isStatic: false, isOrdered: false, filter: null, precondition: null, body: null, postcondition: null, automaticSynchronize: true, customized: false, paging: false, customizedTransaction: false)
35985 [main] INFO  ipse.xtend.util.stdlib.IOExtensions  - es.ua.dlsi.ooh.conceptualView.impl.OperationImpl@1ce24aa (name: modify, visibility: Public, operationType: Modifier, description: null, type: Void, collectionType: None, isStatic: false, isOrdered: false, filter: null, precondition: null, body: null, postcondition: null, automaticSynchronize: true, customized: false, paging: false, customizedTransaction: false)
35986 [main] INFO  ipse.xtend.util.stdlib.IOExtensions  - es.ua.dlsi.ooh.conceptualView.impl.OperationImpl@10161f7 (name: destroy, visibility: Public, operationType: Destroy, description: null, type: Void, collectionType: None, isStatic: false, isOrdered: false, filter: null, precondition: null, body: null, postcondition: null, automaticSynchronize: true, customized: false, paging: false, customizedTransaction: false)
35986 [main] INFO  ipse.xtend.util.stdlib.IOExtensions  - es.ua.dlsi.ooh.conceptualView.impl.OperationImpl@19713e5 (name: borrar_jugador, visibility: Public, operationType: Custom, description: null, type: Void, collectionType: None, isStatic: false, isOrdered: false, filter: null, precondition: null, body: null, postcondition: null, automaticSynchronize: true, customized: false, paging: false, customizedTransaction: false)
35987 [main] INFO  ipse.xtend.util.stdlib.IOExtensions  - es.ua.dlsi.ooh.conceptualView.impl.OperationImpl@999068 (name: modificar_jugador, visibility: Public, operationType: Custom, description: null, type: Void, collectionType: None, isStatic: false, isOrdered: false, filter: null, precondition: null, body: null, postcondition: null, automaticSynchronize: true, customized: false, paging: false, customizedTransaction: false)
enc:utf-8
36493 [main] INFO  ipse.xtend.util.stdlib.IOExtensions  - es.ua.dlsi.ooh.conceptualView.impl.OperationImpl@8715b5 (name: new, visibility: Public, operationType: New, description: null, type: Object, collectionType: None, isStatic: false, isOrdered: false, filter: null, precondition: null, body: null, postcondition: null, automaticSynchronize: true, customized: false, paging: false, customizedTransaction: false)
36493 [main] INFO  ipse.xtend.util.stdlib.IOExtensions  - es.ua.dlsi.ooh.conceptualView.impl.OperationImpl@119fb47 (name: modify, visibility: Public, operationType: Modifier, description: null, type: Void, collectionType: None, isStatic: false, isOrdered: false, filter: null, precondition: null, body: null, postcondition: null, automaticSynchronize: true, customized: false, paging: false, customizedTransaction: false)
36494 [main] INFO  ipse.xtend.util.stdlib.IOExtensions  - es.ua.dlsi.ooh.conceptualView.impl.OperationImpl@1835c46 (name: destroy, visibility: Public, operationType: Destroy, description: null, type: Void, collectionType: None, isStatic: false, isOrdered: false, filter: null, precondition: null, body: null, postcondition: null, automaticSynchronize: true, customized: false, paging: false, customizedTransaction: false)
36495 [main] INFO  ipse.xtend.util.stdlib.IOExtensions  - es.ua.dlsi.ooh.conceptualView.impl.OperationImpl@114e963 (name: dameInventarioPorJugador, visibility: Public, operationType: ReadFilter, description: null, type: Object, collectionType: List, isStatic: false, isOrdered: false, filter: FROM InventarioEN WHERE id = :oid_jugador, precondition: null, body: null, postcondition: null, automaticSynchronize: false, customized: false, paging: false, customizedTransaction: false)
enc:utf-8
36783 [main] INFO  ipse.xtend.util.stdlib.IOExtensions  - es.ua.dlsi.ooh.conceptualView.impl.OperationImpl@15ac9e4 (name: new, visibility: Public, operationType: New, description: null, type: Object, collectionType: None, isStatic: false, isOrdered: false, filter: null, precondition: null, body: null, postcondition: null, automaticSynchronize: true, customized: false, paging: false, customizedTransaction: false)
36784 [main] INFO  ipse.xtend.util.stdlib.IOExtensions  - es.ua.dlsi.ooh.conceptualView.impl.OperationImpl@41772e (name: modify, visibility: Public, operationType: Modifier, description: null, type: Void, collectionType: None, isStatic: false, isOrdered: false, filter: null, precondition: null, body: null, postcondition: null, automaticSynchronize: true, customized: false, paging: false, customizedTransaction: false)
36784 [main] INFO  ipse.xtend.util.stdlib.IOExtensions  - es.ua.dlsi.ooh.conceptualView.impl.OperationImpl@e6fdee (name: destroy, visibility: Public, operationType: Destroy, description: null, type: Void, collectionType: None, isStatic: false, isOrdered: false, filter: null, precondition: null, body: null, postcondition: null, automaticSynchronize: true, customized: false, paging: false, customizedTransaction: false)
enc:utf-8
36986 [main] INFO  ipse.xtend.util.stdlib.IOExtensions  - es.ua.dlsi.ooh.conceptualView.impl.OperationImpl@eff876 (name: new, visibility: Public, operationType: New, description: null, type: Object, collectionType: None, isStatic: false, isOrdered: false, filter: null, precondition: null, body: null, postcondition: null, automaticSynchronize: true, customized: false, paging: false, customizedTransaction: false)
36987 [main] INFO  ipse.xtend.util.stdlib.IOExtensions  - es.ua.dlsi.ooh.conceptualView.impl.OperationImpl@158da8e (name: modify, visibility: Public, operationType: Modifier, description: null, type: Void, collectionType: None, isStatic: false, isOrdered: false, filter: null, precondition: null, body: null, postcondition: null, automaticSynchronize: true, customized: false, paging: false, customizedTransaction: false)
36987 [main] INFO  ipse.xtend.util.stdlib.IOExtensions  - es.ua.dlsi.ooh.conceptualView.impl.OperationImpl@1b9a3ff (name: destroy, visibility: Public, operationType: Destroy, description: null, type: Void, collectionType: None, isStatic: false, isOrdered: false, filter: null, precondition: null, body: null, postcondition: null, automaticSynchronize: true, customized: false, paging: false, customizedTransaction: false)
36989 [main] INFO  ipse.xtend.util.stdlib.IOExtensions  - es.ua.dlsi.ooh.conceptualView.impl.OperationImpl@f3afd9 (name: resolver, visibility: Public, operationType: CustomTransaction, description: null, type: Void, collectionType: None, isStatic: false, isOrdered: false, filter: null, precondition: null, body: null, postcondition: null, automaticSynchronize: true, customized: false, paging: false, customizedTransaction: false)
enc:utf-8
37315 [main] INFO  ipse.xtend.util.stdlib.IOExtensions  - es.ua.dlsi.ooh.conceptualView.impl.OperationImpl@14abbdc (name: dameGanador, visibility: Public, operationType: Custom, description: null, type: Void, collectionType: None, isStatic: false, isOrdered: false, filter: null, precondition: null, body: null, postcondition: null, automaticSynchronize: true, customized: false, paging: false, customizedTransaction: false)
37316 [main] INFO  ipse.xtend.util.stdlib.IOExtensions  - es.ua.dlsi.ooh.conceptualView.impl.OperationImpl@167f35d (name: readOID, visibility: Public, operationType: ReadOID, description: null, type: Object, collectionType: None, isStatic: false, isOrdered: false, filter: null, precondition: null, body: null, postcondition: null, automaticSynchronize: true, customized: false, paging: false, customizedTransaction: false)
37325 [main] INFO  ipse.xtend.util.stdlib.IOExtensions  - es.ua.dlsi.ooh.conceptualView.impl.OperationImpl@156695f (name: readAll, visibility: Public, operationType: ReadAll, description: null, type: Object, collectionType: List, isStatic: false, isOrdered: false, filter: null, precondition: null, body: null, postcondition: null, automaticSynchronize: true, customized: false, paging: false, customizedTransaction: false)
enc:utf-8
37643 [main] INFO  ipse.xtend.util.stdlib.IOExtensions  - es.ua.dlsi.ooh.conceptualView.impl.OperationImpl@1b0f2b9 (name: new, visibility: Public, operationType: New, description: null, type: Object, collectionType: None, isStatic: false, isOrdered: false, filter: null, precondition: null, body: null, postcondition: null, automaticSynchronize: true, customized: false, paging: false, customizedTransaction: false)
37644 [main] INFO  ipse.xtend.util.stdlib.IOExtensions  - es.ua.dlsi.ooh.conceptualView.impl.OperationImpl@19a4292 (name: modify, visibility: Public, operationType: Modifier, description: null, type: Void, collectionType: None, isStatic: false, isOrdered: false, filter: null, precondition: null, body: null, postcondition: null, automaticSynchronize: true, customized: false, paging: false, customizedTransaction: false)
37644 [main] INFO  ipse.xtend.util.stdlib.IOExtensions  - es.ua.dlsi.ooh.conceptualView.impl.OperationImpl@6379eb (name: destroy, visibility: Public, operationType: Destroy, description: null, type: Void, collectionType: None, isStatic: false, isOrdered: false, filter: null, precondition: null, body: null, postcondition: null, automaticSynchronize: true, customized: false, paging: false, customizedTransaction: false)
enc:utf-8
38051 [main] INFO  ipse.xtend.util.stdlib.IOExtensions  - es.ua.dlsi.ooh.conceptualView.impl.OperationImpl@c7ffd3 (name: new, visibility: Public, operationType: New, description: null, type: Object, collectionType: None, isStatic: false, isOrdered: false, filter: null, precondition: null, body: null, postcondition: null, automaticSynchronize: true, customized: false, paging: false, customizedTransaction: false)
38051 [main] INFO  ipse.xtend.util.stdlib.IOExtensions  - es.ua.dlsi.ooh.conceptualView.impl.OperationImpl@798d51 (name: modify, visibility: Public, operationType: Modifier, description: null, type: Void, collectionType: None, isStatic: false, isOrdered: false, filter: null, precondition: null, body: null, postcondition: null, automaticSynchronize: true, customized: false, paging: false, customizedTransaction: false)
38052 [main] INFO  ipse.xtend.util.stdlib.IOExtensions  - es.ua.dlsi.ooh.conceptualView.impl.OperationImpl@1d8ba08 (name: destroy, visibility: Public, operationType: Destroy, description: null, type: Void, collectionType: None, isStatic: false, isOrdered: false, filter: null, precondition: null, body: null, postcondition: null, automaticSynchronize: true, customized: false, paging: false, customizedTransaction: false)
enc:utf-8
38520 [main] INFO  ipse.xtend.util.stdlib.IOExtensions  - es.ua.dlsi.ooh.conceptualView.impl.OperationImpl@293aa2 (name: new, visibility: Public, operationType: New, description: null, type: Object, collectionType: None, isStatic: false, isOrdered: false, filter: null, precondition: null, body: null, postcondition: null, automaticSynchronize: true, customized: false, paging: false, customizedTransaction: false)
38521 [main] INFO  ipse.xtend.util.stdlib.IOExtensions  - es.ua.dlsi.ooh.conceptualView.impl.OperationImpl@d1ad2e (name: modify, visibility: Public, operationType: Modifier, description: null, type: Void, collectionType: None, isStatic: false, isOrdered: false, filter: null, precondition: null, body: null, postcondition: null, automaticSynchronize: true, customized: false, paging: false, customizedTransaction: false)
38522 [main] INFO  ipse.xtend.util.stdlib.IOExtensions  - es.ua.dlsi.ooh.conceptualView.impl.OperationImpl@18190fc (name: destroy, visibility: Public, operationType: Destroy, description: null, type: Void, collectionType: None, isStatic: false, isOrdered: false, filter: null, precondition: null, body: null, postcondition: null, automaticSynchronize: true, customized: false, paging: false, customizedTransaction: false)
enc:utf-8
38894 [main] INFO  ipse.xtend.util.stdlib.IOExtensions  - es.ua.dlsi.ooh.conceptualView.impl.OperationImpl@189dd52 (name: new, visibility: Public, operationType: New, description: null, type: Object, collectionType: None, isStatic: false, isOrdered: false, filter: null, precondition: null, body: null, postcondition: null, automaticSynchronize: true, customized: false, paging: false, customizedTransaction: false)
38895 [main] INFO  ipse.xtend.util.stdlib.IOExtensions  - es.ua.dlsi.ooh.conceptualView.impl.OperationImpl@1ec71f8 (name: modify, visibility: Public, operationType: Modifier, description: null, type: Void, collectionType: None, isStatic: false, isOrdered: false, filter: null, precondition: null, body: null, postcondition: null, automaticSynchronize: true, customized: false, paging: false, customizedTransaction: false)
38896 [main] INFO  ipse.xtend.util.stdlib.IOExtensions  - es.ua.dlsi.ooh.conceptualView.impl.OperationImpl@16813f3 (name: destroy, visibility: Public, operationType: Destroy, description: null, type: Void, collectionType: None, isStatic: false, isOrdered: false, filter: null, precondition: null, body: null, postcondition: null, automaticSynchronize: true, customized: false, paging: false, customizedTransaction: false)
enc:utf-8
39133 [main] INFO  ipse.xtend.util.stdlib.IOExtensions  - es.ua.dlsi.ooh.conceptualView.impl.OperationImpl@1847718 (name: new, visibility: Public, operationType: New, description: null, type: Object, collectionType: None, isStatic: false, isOrdered: false, filter: null, precondition: null, body: null, postcondition: null, automaticSynchronize: true, customized: false, paging: false, customizedTransaction: false)
39133 [main] INFO  ipse.xtend.util.stdlib.IOExtensions  - es.ua.dlsi.ooh.conceptualView.impl.OperationImpl@10eb4b4 (name: modify, visibility: Public, operationType: Modifier, description: null, type: Void, collectionType: None, isStatic: false, isOrdered: false, filter: null, precondition: null, body: null, postcondition: null, automaticSynchronize: true, customized: false, paging: false, customizedTransaction: false)
39134 [main] INFO  ipse.xtend.util.stdlib.IOExtensions  - es.ua.dlsi.ooh.conceptualView.impl.OperationImpl@150bb58 (name: destroy, visibility: Public, operationType: Destroy, description: null, type: Void, collectionType: None, isStatic: false, isOrdered: false, filter: null, precondition: null, body: null, postcondition: null, automaticSynchronize: true, customized: false, paging: false, customizedTransaction: false)
enc:utf-8
39418 [main] INFO  ipse.xtend.util.stdlib.IOExtensions  - es.ua.dlsi.ooh.conceptualView.impl.OperationImpl@fbca5a (name: new, visibility: Public, operationType: New, description: null, type: Object, collectionType: None, isStatic: false, isOrdered: false, filter: null, precondition: null, body: null, postcondition: null, automaticSynchronize: true, customized: false, paging: false, customizedTransaction: false)
39419 [main] INFO  ipse.xtend.util.stdlib.IOExtensions  - es.ua.dlsi.ooh.conceptualView.impl.OperationImpl@482e36 (name: modify, visibility: Public, operationType: Modifier, description: null, type: Void, collectionType: None, isStatic: false, isOrdered: false, filter: null, precondition: null, body: null, postcondition: null, automaticSynchronize: true, customized: false, paging: false, customizedTransaction: false)
39420 [main] INFO  ipse.xtend.util.stdlib.IOExtensions  - es.ua.dlsi.ooh.conceptualView.impl.OperationImpl@7ddf94 (name: destroy, visibility: Public, operationType: Destroy, description: null, type: Void, collectionType: None, isStatic: false, isOrdered: false, filter: null, precondition: null, body: null, postcondition: null, automaticSynchronize: true, customized: false, paging: false, customizedTransaction: false)
39420 [main] INFO  ipse.xtend.util.stdlib.IOExtensions  - es.ua.dlsi.ooh.conceptualView.impl.OperationImpl@1bd4fdd (name: resolver, visibility: Public, operationType: Custom, description: null, type: Void, collectionType: None, isStatic: false, isOrdered: false, filter: null, precondition: null, body: null, postcondition: null, automaticSynchronize: true, customized: false, paging: false, customizedTransaction: false)
enc:utf-8
39672 [main] INFO  ipse.xtend.util.stdlib.IOExtensions  - es.ua.dlsi.ooh.conceptualView.impl.OperationImpl@16efaab (name: new, visibility: Public, operationType: New, description: null, type: Object, collectionType: None, isStatic: false, isOrdered: false, filter: null, precondition: null, body: null, postcondition: null, automaticSynchronize: true, customized: false, paging: false, customizedTransaction: false)
39673 [main] INFO  ipse.xtend.util.stdlib.IOExtensions  - es.ua.dlsi.ooh.conceptualView.impl.OperationImpl@d8f54a (name: modify, visibility: Public, operationType: Modifier, description: null, type: Void, collectionType: None, isStatic: false, isOrdered: false, filter: null, precondition: null, body: null, postcondition: null, automaticSynchronize: true, customized: false, paging: false, customizedTransaction: false)
39673 [main] INFO  ipse.xtend.util.stdlib.IOExtensions  - es.ua.dlsi.ooh.conceptualView.impl.OperationImpl@3b5b47 (name: destroy, visibility: Public, operationType: Destroy, description: null, type: Void, collectionType: None, isStatic: false, isOrdered: false, filter: null, precondition: null, body: null, postcondition: null, automaticSynchronize: true, customized: false, paging: false, customizedTransaction: false)
39674 [main] INFO  ipse.xtend.util.stdlib.IOExtensions  - es.ua.dlsi.ooh.conceptualView.impl.OperationImpl@1d019a3 (name: equipar, visibility: Public, operationType: Relationer, description: null, type: Void, collectionType: None, isStatic: false, isOrdered: false, filter: null, precondition: null, body: null, postcondition: null, automaticSynchronize: true, customized: false, paging: false, customizedTransaction: true)
enc:utf-8
39897 [main] INFO  ipse.xtend.util.stdlib.IOExtensions  - es.ua.dlsi.ooh.conceptualView.impl.OperationImpl@23df74 (name: desequipar, visibility: Public, operationType: Custom, description: null, type: Void, collectionType: None, isStatic: false, isOrdered: false, filter: null, precondition: null, body: null, postcondition: null, automaticSynchronize: true, customized: false, paging: false, customizedTransaction: false)
39897 [main] INFO  ipse.xtend.util.stdlib.IOExtensions  - es.ua.dlsi.ooh.conceptualView.impl.OperationImpl@162e04d (name: dameInventarioPorJugadorEquipado, visibility: Public, operationType: ReadFilter, description: null, type: Object, collectionType: List, isStatic: false, isOrdered: false, filter: FROM InventarioEquipadoEN, precondition: null, body: null, postcondition: null, automaticSynchronize: false, customized: false, paging: false, customizedTransaction: false)
enc:utf-8
40115 [main] INFO  ipse.xtend.util.stdlib.IOExtensions  - JugadorEN
enc:utf-8
40524 [main] INFO  ipse.xtend.util.stdlib.IOExtensions  - AdminEN
enc:utf-8
40844 [main] INFO  ipse.xtend.util.stdlib.IOExtensions  - InventarioEN
enc:utf-8
41050 [main] INFO  ipse.xtend.util.stdlib.IOExtensions  - MonstruoEN
enc:utf-8
41553 [main] INFO  ipse.xtend.util.stdlib.IOExtensions  - Batalla_PVEEN
enc:utf-8
41992 [main] INFO  ipse.xtend.util.stdlib.IOExtensions  - ObjetoEN
enc:utf-8
42595 [main] INFO  ipse.xtend.util.stdlib.IOExtensions  - ArmaduraEN
enc:utf-8
43614 [main] INFO  ipse.xtend.util.stdlib.IOExtensions  - ArmaEN
enc:utf-8
43994 [main] INFO  ipse.xtend.util.stdlib.IOExtensions  - CascoEN
enc:utf-8
44996 [main] INFO  ipse.xtend.util.stdlib.IOExtensions  - CalzadoEN
enc:utf-8
45411 [main] INFO  ipse.xtend.util.stdlib.IOExtensions  - Batalla_PVPEN
enc:utf-8
45661 [main] INFO  ipse.xtend.util.stdlib.IOExtensions  - InventarioEquipadoEN
enc:utf-8
enc:utf-8
47008 [main] INFO  ipse.xtend.util.stdlib.IOExtensions  - EN
47038 [main] INFO  ipse.xtend.util.stdlib.IOExtensions  - EN
47042 [main] INFO  ipse.xtend.util.stdlib.IOExtensions  - EN
47056 [main] INFO  ipse.xtend.util.stdlib.IOExtensions  - EN
47061 [main] INFO  ipse.xtend.util.stdlib.IOExtensions  - EN
47127 [main] INFO  ipse.xtend.util.stdlib.IOExtensions  - EN
enc:utf-8
enc:utf-8
48330 [main] INFO         org.eclipse.xpand2.Generator  - Skipped writing of 103 files to outlet [default](../ProyectoVikingsGen)
48330 [main] INFO  e.core.container.CompositeComponent  - es.ua.dlsi.ooh.persistence.nhibernate.generator.workflowComponents.CreateSolution
48356 [main] INFO  e.core.container.CompositeComponent  - es.ua.dlsi.ooh.persistence.nhibernate.generator.workflowComponents.UpdateSolution
48387 [main] INFO  e.core.container.CompositeComponent  - es.ua.dlsi.ooh.persistence.nhibernate.generator.workflowComponents.CopyDLLs
../ProyectoVikingsGen\ProyectoVikingsGenNHibernate\AppLib\Antlr3.Runtime.dll
../ProyectoVikingsGen\ProyectoVikingsGenNHibernate\AppLib\Castle.DynamicProxy2.dll
../ProyectoVikingsGen\ProyectoVikingsGenNHibernate\AppLib\Iesi.Collections.dll
../ProyectoVikingsGen\ProyectoVikingsGenNHibernate\AppLib\LinFu.DynamicProxy.dll
../ProyectoVikingsGen\ProyectoVikingsGenNHibernate\AppLib\log4net.dll
../ProyectoVikingsGen\ProyectoVikingsGenNHibernate\AppLib\NHibernate.ByteCode.Castle.dll
../ProyectoVikingsGen\ProyectoVikingsGenNHibernate\AppLib\NHibernate.ByteCode.LinFu.dll
../ProyectoVikingsGen\ProyectoVikingsGenNHibernate\AppLib\NHibernate.dll
../ProyectoVikingsGen\ProyectoVikingsGenNHibernate\AppLib\nunit.core.dll
../ProyectoVikingsGen\ProyectoVikingsGenNHibernate\AppLib\nunit.framework.dll
48450 [main] INFO  eclipse.emf.mwe.core.WorkflowEngine  - workflow completed in 42226ms!
